<?xml version="1.0" encoding="UTF-8"?>
<!-- Generated by org.testng.reporters.JUnitReportReporter -->
<testsuite hostname="DESKTOP-0NJMRIR" name="FailedTestCases.TestCase2" tests="1" failures="0" timestamp="25 Jul 2018 02:25:35 GMT" time="0.016" errors="0">
  <testcase name="TwitterTest" time="0.016" classname="FailedTestCases.TestCase2"/>
</testsuite> <!-- FailedTestCases.TestCase2 -->
