<?xml version="1.0" encoding="UTF-8"?>
<!-- Generated by org.testng.reporters.JUnitReportReporter -->
<testsuite hostname="DESKTOP-0NJMRIR" name="testRunner.TestRunScript" tests="1" failures="0" timestamp="30 Jul 2018 13:42:35 GMT" time="0.016" errors="0">
  <testcase name="m1" time="0.016" classname="testRunner.TestRunScript"/>
</testsuite> <!-- testRunner.TestRunScript -->
