<?xml version="1.0" encoding="UTF-8"?>
<!-- Generated by org.testng.reporters.JUnitReportReporter -->
<testsuite hostname="DESKTOP-0NJMRIR" name="constructorsdemo.blocksexample" tests="1" failures="0" timestamp="17 Jul 2018 13:30:26 GMT" time="7.652" errors="0">
  <testcase name="method" time="7.652" classname="constructorsdemo.blocksexample"/>
</testsuite> <!-- constructorsdemo.blocksexample -->
