<?xml version="1.0" encoding="UTF-8"?>
<!-- Generated by org.testng.reporters.JUnitReportReporter -->
<testsuite hostname="DESKTOP-0NJMRIR" name="abhibus_dates.Table_calendar" tests="1" failures="0" timestamp="1 Aug 2018 11:55:46 GMT" time="20.522" errors="0">
  <testcase name="selectDate" time="20.522" classname="abhibus_dates.Table_calendar"/>
</testsuite> <!-- abhibus_dates.Table_calendar -->
