<?xml version="1.0" encoding="UTF-8"?>
<!-- Generated by org.testng.reporters.JUnitReportReporter -->
<testsuite hostname="DESKTOP-0NJMRIR" name="testNGTutorial.SecondTestNGScript" tests="3" failures="0" timestamp="16 Jul 2018 06:07:17 GMT" time="0.017" errors="0">
  <testcase name="LoginApplication" time="0.001" classname="testNGTutorial.SecondTestNGScript"/>
  <testcase name="StartApp" time="0.014" classname="testNGTutorial.SecondTestNGScript"/>
  <testcase name="LogOut" time="0.002" classname="testNGTutorial.SecondTestNGScript"/>
</testsuite> <!-- testNGTutorial.SecondTestNGScript -->
