<?xml version="1.0" encoding="UTF-8"?>
<!-- Generated by org.testng.reporters.JUnitReportReporter -->
<testsuite hostname="DESKTOP-0NJMRIR" name="pomObjectTestcases.TestcaseOne" tests="1" failures="0" timestamp="29 Jul 2018 07:49:22 GMT" time="14.680" errors="0">
  <testcase name="verifyLogin" time="14.680" classname="pomObjectTestcases.TestcaseOne"/>
</testsuite> <!-- pomObjectTestcases.TestcaseOne -->
