<?xml version="1.0" encoding="UTF-8"?>
<!-- Generated by org.testng.reporters.JUnitReportReporter -->
<testsuite hostname="DESKTOP-0NJMRIR" name="FailedTestCases.TestCase1" tests="1" failures="0" timestamp="20 Jul 2018 11:30:44 GMT" time="0.017" errors="0">
  <testcase name="FacebookTest" time="0.017" classname="FailedTestCases.TestCase1"/>
</testsuite> <!-- FailedTestCases.TestCase1 -->
