<?xml version="1.0" encoding="UTF-8"?>
<!-- Generated by org.testng.reporters.JUnitReportReporter -->
<testsuite hostname="DESKTOP-0NJMRIR" name="pomObjectTestcases.TestcaseOne2" tests="1" failures="0" timestamp="29 Jul 2018 08:01:49 GMT" time="16.116" errors="0">
  <testcase name="verifyLogin" time="16.116" classname="pomObjectTestcases.TestcaseOne2"/>
</testsuite> <!-- pomObjectTestcases.TestcaseOne2 -->
