<?xml version="1.0" encoding="UTF-8"?>
<!-- Generated by org.testng.reporters.JUnitReportReporter -->
<testsuite hostname="DESKTOP-0NJMRIR" name="pomObjectTestcases.FindByTestCase" tests="1" failures="0" timestamp="30 Jul 2018 10:42:09 GMT" time="21.910" errors="0">
  <testcase name="checklogin" time="21.910" classname="pomObjectTestcases.FindByTestCase"/>
</testsuite> <!-- pomObjectTestcases.FindByTestCase -->
