<?xml version="1.0" encoding="UTF-8"?>
<!-- Generated by org.testng.reporters.JUnitReportReporter -->
<testsuite hostname="DESKTOP-0NJMRIR" name="titles.VerifyTitles" tests="1" failures="0" timestamp="17 Jul 2018 07:45:12 GMT" time="15.997" errors="0">
  <testcase name="verifyApplicationTitle" time="15.997" classname="titles.VerifyTitles"/>
</testsuite> <!-- titles.VerifyTitles -->
