<?xml version="1.0" encoding="UTF-8"?>
<!-- Generated by org.testng.reporters.JUnitReportReporter -->
<testsuite hostname="DESKTOP-0NJMRIR" name="bootstrap_dropdown.Menu_dropdown" tests="1" failures="0" timestamp="1 Aug 2018 13:45:50 GMT" time="43.524" errors="0">
  <testcase name="dropdown" time="43.524" classname="bootstrap_dropdown.Menu_dropdown"/>
</testsuite> <!-- bootstrap_dropdown.Menu_dropdown -->
