<?xml version="1.0" encoding="UTF-8"?>
<!-- Generated by org.testng.reporters.JUnitReportReporter -->
<testsuite hostname="DESKTOP-0NJMRIR" name="testRunner.Testdemo" tests="2" failures="0" timestamp="24 Jul 2018 16:31:55 GMT" time="0.018" errors="0">
  <testcase name="wonderWomen" time="0.010" classname="testRunner.Testdemo"/>
  <testcase name="batman" time="0.008" classname="testRunner.Testdemo"/>
</testsuite> <!-- testRunner.Testdemo -->
